


ARM Macro Assembler    Page 1 


    1 00000000                 AREA             uwuCode, CODE, READONLY
    2 00000000                 ENTRY
    3 00000000         
    4 00000000 00000004 
                       uwuWord EQU              4           ; define shortcut f
                                                            or 4 bytess uwu
    5 00000000 00000004 
                       uwuLeft EQU              4           ; offset for left n
                                                            ode
    6 00000000 00000008 
                       uwuRight
                               EQU              8           ; offset for right 
                                                            node
    7 00000000 0000000C 
                       uwuTraversed
                               EQU              12          ; offset for traver
                                                            sed value
    8 00000000 00000010 
                       uwuBlocked
                               EQU              16          ; offset for blocki
                                                            ng (the value has b
                                                            een used)
    9 00000000 00000014 
                       uwuNextNode
                               EQU              20          ; offset for next n
                                                            ode
   10 00000000 0000000F 
                       uwuListSize
                               EQU              15          ; the size of unsor
                                                            ted list
   11 00000000         
   12 00000000         ; general register
   13 00000000        8 
                       uwuSortCount
                               RN               R8          ; count if sorted f
                                                            or 15 times (the nu
                                                            mber of array)
   14 00000000        9 
                       uwuConstQueue
                               RN               R9          ; register for stor
                                                            ing queue address
   15 00000000        A 
                       uwuCurrentIndex
                               RN               R10         ; R10 to keep track
                                                             of the current ele
                                                            ment
   16 00000000         ; using RN associate a register with a name
   17 00000000         
   18 00000000         ; for sorting binary tree
   19 00000000        0 
                       uwuListR
                               RN               R0          ; register for stor
                                                            ing the address of 
                                                            current list value
   20 00000000        1 
                       uwuTreeR
                               RN               R1          ; register for stor
                                                            ing the address of 
                                                            variable of current



ARM Macro Assembler    Page 2 


                                                             tree node
   21 00000000        2 
                       uwuListValR
                               RN               R2          ; register for stor
                                                            ing the value of cu
                                                            rrent list address
   22 00000000        3 
                       uwuTreeValR
                               RN               R3          ; register for stor
                                                            ing the value of cu
                                                            rrent tree node
   23 00000000        B 
                       uwuCurrentTree
                               RN               R11         ; register that kee
                                                            p track of currentT
                                                            reeAddress
   24 00000000         
   25 00000000         ; for uwu BFS
   26 00000000        0 
                       uwuSmallest
                               RN               R0          ; register for stor
                                                            ing the current sma
                                                            llest value
   27 00000000        1 
                       uwuTakeAny
                               RN               R1          ; determine if BFS 
                                                            should take the nex
                                                            t value as smallest
                                                             (foundation)
   28 00000000        2 
                       uwuSmallestAddress
                               RN               R2          ; used to store the
                                                             previous recorded 
                                                            smallest address
   29 00000000        B 
                       uwuCurrentNode
                               RN               R11         ; determine the cur
                                                            rent address of nod
                                                            e in queue (that ne
                                                            eds to be traverse)
                                                            
   30 00000000        C 
                       uwuCurrentHold
                               RN               R12         ; register to hold 
                                                            current value from 
                                                            node / random thing
                                                            s that need to be h
                                                            old
   31 00000000         
   32 00000000         
   33 00000000         ; place root to tree uwu
   34 00000000         uwuPlaceTreeRoot
   35 00000000 E59F0180        LDR              uwuListR, =uwuUnsortedList ; R0
                                                             is now address of 
                                                            list
   36 00000004 E59F1180        LDR              uwuTreeR, =uwuTree ; R1 is now 
                                                            address of tree
   37 00000008 E1A0B001        MOV              uwuCurrentTree, uwuTreeR ; R9 i
                                                            s now constantly po



ARM Macro Assembler    Page 3 


                                                            inting to the addre
                                                            ss of tree
   38 0000000C E5902000        LDR              uwuListValR, [uwuListR] ; R2 is
                                                             now value of 1st e
                                                            lement of list
   39 00000010 E5812000        STR              uwuListValR, [uwuTreeR] ; store
                                                             the 1st element of
                                                             list to tree
   40 00000014 E5913000        LDR              uwuTreeValR, [uwuTreeR] ; load 
                                                            the root value of t
                                                            o R3
   41 00000018 E28AA001        ADD              uwuCurrentIndex, uwuCurrentInde
x, #1 
                                                            ; increment to inde
                                                            x count
   42 0000001C         
   43 0000001C         ; sort the tree uwu
   44 0000001C         uwuSortTree
   45 0000001C E35A000F        CMP              uwuCurrentIndex, #uwuListSize ;
                                                             compare to see if 
                                                            all the values insi
                                                            de unsorted list ha
                                                            s been placed to uw
                                                            uTree
   46 00000020 AA000013        BGE              uwuBFSsortInitialize ; jump to 
                                                            BFS sort if all the
                                                             values have been a
                                                            dded
   47 00000024         
   48 00000024         ; get the value of new element in list
   49 00000024 E2800004        ADD              uwuListR, uwuListR, #uwuWord ; 
                                                            shift the address o
                                                            f R1 (original poin
                                                            ting to uwuTree) to
                                                             make it point to n
                                                            ext value in list
   50 00000028 E5902000        LDR              uwuListValR, [uwuListR] ; get t
                                                            he value of n-th el
                                                            ement in unsorted l
                                                            ist
   51 0000002C         
   52 0000002C         ; search which *left or *right the node should be placed
                        to uwu
   53 0000002C         uwuSearchChild
   54 0000002C E5913000        LDR              uwuTreeValR, [uwuTreeR]
   55 00000030 E1520003        CMP              uwuListValR, uwuTreeValR ; comp
                                                            are the value in cu
                                                            rrent node in tree 
                                                            (starting from root
                                                            ) to the value of n
                                                            -th element in list
                                                            
   56 00000034 E2811004        ADD              uwuTreeR, uwuTreeR, #uwuWord ; 
                                                            shift 4 bytes to ad
                                                            dress of uwuTree (m
                                                            akes it point to *l
                                                            eft of current node
                                                            )
   57 00000038 C2811004        ADDGT            uwuTreeR, uwuTreeR, #uwuWord ; 



ARM Macro Assembler    Page 4 


                                                            shift 4 bytes to th
                                                            e address of uwuTre
                                                            e if current value 
                                                            in list is greater 
                                                            than value in node 
                                                            (makes it point to 
                                                            *right)
   58 0000003C         
   59 0000003C         ; create a new node and store it as the child if the chi
                       ld is null
   60 0000003C E1A0500A        MOV              R5, uwuCurrentIndex
   61 00000040 E3A06014        MOV              R6, #uwuNextNode
   62 00000044 E0070695        MUL              R7, R5, R6  ; the offset of new
                                                             node
   63 00000048 E087700B        ADD              R7, R7, uwuCurrentTree
   64 0000004C E5872000        STR              uwuListValR, [R7] ; store the v
                                                            alue into the new n
                                                            ode
   65 00000050         
   66 00000050 E5914000        LDR              R4, [uwuTreeR] ; load the value
                                                             of *left or *right
                                                             to R4
   67 00000054 E3540000        CMP              R4, #0      ; check if the chil
                                                            d is null (indicate
                                                             can add a new chil
                                                            d)
   68 00000058 0A000001        BEQ              uwuCanStore ; jump to uwuCanSto
                                                            re for making the n
                                                            ode a child, if the
                                                             current *left or *
                                                            right is empty
   69 0000005C E1A01004        MOV              uwuTreeR, R4 ; else, if it is n
                                                            ot empty (the point
                                                            er already has a no
                                                            de), make uwuTreeR 
                                                            (the node) to be th
                                                            e child node
   70 00000060 EAFFFFF1        B                uwuSearchChild ; continue loopi
                                                            ng until finding an
                                                             empty edge
   71 00000064         
   72 00000064         uwuCanStore
   73 00000064 E5817000        STR              R7, [uwuTreeR] ; store the addr
                                                            ess of node to *lef
                                                            t or *right and thu
                                                            s making it a child
                                                            
   74 00000068 E59F111C        LDR              uwuTreeR, =uwuTree ; reset the 
                                                            root to original ad
                                                            dress after sucessf
                                                            ully storing
   75 0000006C E28AA001        ADD              uwuCurrentIndex, uwuCurrentInde
x, #1 
                                                            ; increment the ind
                                                            ex count
   76 00000070 EAFFFFE9        B                uwuSortTree ; loop again for th
                                                            e next value in lis
                                                            t
   77 00000074         



ARM Macro Assembler    Page 5 


   78 00000074         
   79 00000074         ; BFS start here uwu
   80 00000074         uwuBFSsortInitialize
   81 00000074 E3A01001        MOV              uwuTakeAny, #1 ; at the start o
                                                            f traversing, it sh
                                                            ould been able to t
                                                            ake on any value as
                                                             the smallest
   82 00000078 E3A0A001        MOV              uwuCurrentIndex, #1 ; set value
                                                             of current index t
                                                            o 1 (since we alrea
                                                            dy have root as fir
                                                            st element) (for qu
                                                            eue, as in which in
                                                            dex to add the next
                                                             node)
   83 0000007C E3A0B000        MOV              uwuCurrentTree, #0 ; reset valu
                                                            e of current index 
                                                            (for tree, as in wh
                                                            ich tree BFS is acc
                                                            essing from queue)
   84 00000080 E59F9108        LDR              uwuConstQueue, =uwuQueue
   85 00000084 E59FC100        LDR              uwuCurrentHold, =uwuTree ; curr
                                                            ently hold the addr
                                                            ess of first node o
                                                            f tree
   86 00000088 E589C000        STR              uwuCurrentHold, [uwuConstQueue]
 
                                                            ; store the first n
                                                            ode to queue
   87 0000008C         uwuBFSsort
   88 0000008C E1A0300B        MOV              R3, uwuCurrentTree ; store the 
                                                            index of current tr
                                                            ee node to R3
   89 00000090 E3A04004        MOV              R4, #uwuWord ; R4 = #4
   90 00000094 E0050493        MUL              R5, R3, R4  ; the offset of cur
                                                            rent index (to dete
                                                            rmine which element
                                                             in queue to access
                                                            )
   91 00000098 E0855009        ADD              R5, R5, uwuConstQueue ; the add
                                                            ress of current ele
                                                            ment that BFS shoul
                                                            d be accessing
   92 0000009C         
   93 0000009C E1A03005        MOV              R3, R5      ; copy the address 
                                                            of current element 
                                                            (in queue)
   94 000000A0 E5933000        LDR              R3, [R3]    ; replace R3 to the
                                                             address of the nod
                                                            e in tree to access
                                                            
   95 000000A4 E593C000        LDR              uwuCurrentHold, [R3] ; get the 
                                                            value of the tree
   96 000000A8 E5934010        LDR              R4, [R3, #uwuBlocked] ; check i
                                                            f this value has be
                                                            en taken
   97 000000AC E3540000        CMP              R4, #0
   98 000000B0 03510001        CMPEQ            uwuTakeAny, #1 ; see if any val



ARM Macro Assembler    Page 6 


                                                            ue can be considere
                                                            d as the smallest
   99 000000B4 01A0000C        MOVEQ            uwuSmallest, uwuCurrentHold ; i
                                                            f uwuTakeAny == 1, 
                                                            then assign the uwu
                                                            CurrentHold as smal
                                                            lest
  100 000000B8 03A01000        MOVEQ            uwuTakeAny, #0 ; set uwuTakeAny
                                                             to 0 (no longer ta
                                                            ke any value)
  101 000000BC 01A02003        MOVEQ            uwuSmallestAddress, R3 ; now th
                                                            e smallest address 
                                                            is the one node bei
                                                            ng taken
  102 000000C0 1A00001B        BNE              uwuCompare
  103 000000C4         uwuAfterCompare
  104 000000C4 EB00000E        BL               uwuCheck    ; check for *left
  105 000000C8 EB00000D        BL               uwuCheck    ; check for *right
  106 000000CC         
  107 000000CC E28BB001        ADD              uwuCurrentTree, uwuCurrentTree,
 #1
  108 000000D0 E35B000F        CMP              uwuCurrentTree, #uwuListSize
  109 000000D4 03A0C001        MOVEQ            uwuCurrentHold, #1
  110 000000D8 0582C010        STREQ            uwuCurrentHold, [uwuSmallestAdd
ress, #uwuBlocked]
  111 000000DC BAFFFFEA        BLT              uwuBFSsort
  112 000000E0         
  113 000000E0 E59FC0AC        LDR              uwuCurrentHold, =uwuSortedArray
  114 000000E4 E3A03004        MOV              R3, #uwuWord
  115 000000E8 E1A04008        MOV              R4, uwuSortCount
  116 000000EC E0050493        MUL              R5, R3, R4
  117 000000F0 E78C0005        STR              uwuSmallest, [uwuCurrentHold, R
5]
  118 000000F4 E2888001        ADD              uwuSortCount, uwuSortCount, #1
  119 000000F8 E358000F        CMP              uwuSortCount, #uwuListSize
  120 000000FC BAFFFFDC        BLT              uwuBFSsortInitialize
  121 00000100 AA000010        BGE              uwuStop
  122 00000104         
  123 00000104         uwuCheck
  124 00000104 E2833004        ADD              R3, #uwuWord ; first time to ge
                                                            t *left, second tim
                                                            e to get *right
  125 00000108 E5934000        LDR              R4, [R3]    ; get *left / *righ
                                                            t
  126 0000010C E3540000        CMP              R4, #0      ; check if its chil
                                                            d is null
  127 00000110 1A000000        BNE              uwuAddNodeAddress
  128 00000114         uwuCheckBack
  129 00000114 E12FFF1E        BX               LR
  130 00000118         
  131 00000118         uwuAddNodeAddress
  132 00000118 E1A05009        MOV              R5, uwuConstQueue
  133 0000011C E3A06004        MOV              R6, #uwuWord
  134 00000120 E0070A96        MUL              R7, R6, uwuCurrentIndex
  135 00000124         
  136 00000124 E0855007        ADD              R5, R5, R7
  137 00000128 E5854000        STR              R4, [R5]
  138 0000012C E28AA001        ADD              uwuCurrentIndex, uwuCurrentInde
x, #1 



ARM Macro Assembler    Page 7 


                                                            ; after we add a no
                                                            de to the queue, we
                                                             increment by 1
  139 00000130 EAFFFFF7        B                uwuCheckBack
  140 00000134         
  141 00000134         uwuCompare
  142 00000134 E3540000        CMP              R4, #0
  143 00000138 015C0000        CMPEQ            uwuCurrentHold, uwuSmallest
  144 0000013C B1A0000C        MOVLT            uwuSmallest, uwuCurrentHold
  145 00000140 B1A02003        MOVLT            uwuSmallestAddress, R3
  146 00000144 EAFFFFDE        B                uwuAfterCompare
  147 00000148         
  148 00000148 EAFFFFFE 
                       uwuStop B                uwuStop
  149 0000014C         
  150 0000014C 0000000A 
              00000005 
              0000001E 
              0000004E 
              00000002 
              00000013 
              0000000B 
              00000017 
              00000030 
              0000004F 
              00000001 
              0000000E 
              00000009 
              00000029 
              0000001F uwuUnsortedList
                               DCD              10, 5, 30, 78, 2, 19, 11, 23, 4
8, 79, 1, 14, 9, 41, 31 
                                                            ; original unsorted
                                                             array of values
  151 00000188         
  152 00000188 00000000 
              00000000 
              00000000 
              00000000 
              00000000 
              00000000         AREA             uwuMemory, DATA, READWRITE
  153 00000000 00 00 00 
              00 00 00 
              00 00 00 
              00 00 00 
              00 00 00 
              00 00 00 
              00 00 00 
              00 00 00 
              00 00 00 
              00 00 00 
              00 00 00 
              00 00 00 
              00 00 00 
              00 00 00 
              00 00 00 
              00 00 00 
              00 00 00 
              00 00 00 



ARM Macro Assembler    Page 8 


              00 00 00 
              00 00 00 
              00 00 00 
              00 00 00 
              00 00 00 
              00 00 00 
              00 00 00 
              00 00 00 
              00 00 00 
              00 00 00 
              00 00 00 
              00 00 00 
              00 00 00 
              00 00 00 
              00 00 00 
              00 00 00 
              00 00 00 
              00 00 00 
              00 00 00 
              00 00 00 
              00 00 00 
              00 00 00 
              00 00 00 
              00 00 00 
              00 00 00 
              00 00 00 
              00 00 00 
              00 00 00 
              00 00 00 
              00 00 00 
              00 00 00 
              00 00 00 
              00 00 00 
              00 00 00 
              00 00 00 
              00 00 00 
              00 00 00 
              00 00 00 
              00 00 00 
              00 00 00 
              00 00 00 
              00 00 00 
              00 00 00 
              00 00 00 
              00 00 00 
              00 00 00 
              00 00 00 
              00 00 00 
              00 00 00 
              00 00 00 
              00 00 00 
              00 00 00 
              00 00 00 
              00 00 00 
              00 00 00 
              00 00 00 
              00 00 00 
              00 00 00 
              00 00 00 



ARM Macro Assembler    Page 9 


              00 00 00 
              00 00 00 
              00 00 00 
              00 00 00 
              00 00 00 
              00 00 00 
              00 00 00 
              00 00 00 
              00 00 00 
              00 00 00 
              00 00 00 
              00 00 00 
              00 00 00 
              00 00 00 
              00 00 00 
              00 00 00 
              00 00 00 
              00 00 00 
              00 00 00 
              00 00 00 
              00 00 00 
              00 00 00 
              00 00 00 uwuTree SPACE            300         ; for storing the t
                                                            ree
  154 0000012C         ; it is 300 bytes because we have 5 variable for each no
                       des
  155 0000012C         ; 1. value
  156 0000012C         ; 2. *left
  157 0000012C         ; 3. *right
  158 0000012C         ; 4. traversed
  159 0000012C         ; 5. blocked (the value has been used)
  160 0000012C         
  161 0000012C 00 00 00 
              00 00 00 
              00 00 00 
              00 00 00 
              00 00 00 
              00 00 00 
              00 00 00 
              00 00 00 
              00 00 00 
              00 00 00 
              00 00 00 
              00 00 00 
              00 00 00 
              00 00 00 
              00 00 00 
              00 00 00 
              00 00 00 
              00 00 00 
              00 00 00 
              00 00 00 uwuQueue
                               SPACE            60          ; for storing queue
                                                             when traversing th
                                                            rough the graph
  162 00000168         
  163 00000168 00 00 00 
              00 00 00 
              00 00 00 



ARM Macro Assembler    Page 10 


              00 00 00 
              00 00 00 
              00 00 00 
              00 00 00 
              00 00 00 
              00 00 00 
              00 00 00 
              00 00 00 
              00 00 00 
              00 00 00 
              00 00 00 
              00 00 00 
              00 00 00 
              00 00 00 
              00 00 00 
              00 00 00 
              00 00 00 uwuSortedArray
                               SPACE            60          ; for storing the s
                                                            orted array
  164 000001A4         
  165 000001A4                 END
Command Line: --debug --xref --diag_suppress=9931 --apcs=interwork --depend=.\o
bjects\uwubfs.d -o.\objects\uwubfs.o -IC:\Keil_v5\ARM\RV31\INC -IC:\Keil_v5\ARM
\CMSIS\Include -IC:\Keil_v5\ARM\INC\Sharp --predefine="__EVAL SETA 1" --predefi
ne="__UVISION_VERSION SETA 529" --list=.\listings\uwubfs.lst uwuBFS.s



ARM Macro Assembler    Page 1 Alphabetic symbol ordering
Relocatable symbols

uwuAddNodeAddress 00000118

Symbol: uwuAddNodeAddress
   Definitions
      At line 131 in file uwuBFS.s
   Uses
      At line 127 in file uwuBFS.s
Comment: uwuAddNodeAddress used once
uwuAfterCompare 000000C4

Symbol: uwuAfterCompare
   Definitions
      At line 103 in file uwuBFS.s
   Uses
      At line 146 in file uwuBFS.s
Comment: uwuAfterCompare used once
uwuBFSsort 0000008C

Symbol: uwuBFSsort
   Definitions
      At line 87 in file uwuBFS.s
   Uses
      At line 111 in file uwuBFS.s
Comment: uwuBFSsort used once
uwuBFSsortInitialize 00000074

Symbol: uwuBFSsortInitialize
   Definitions
      At line 80 in file uwuBFS.s
   Uses
      At line 46 in file uwuBFS.s
      At line 120 in file uwuBFS.s

uwuCanStore 00000064

Symbol: uwuCanStore
   Definitions
      At line 72 in file uwuBFS.s
   Uses
      At line 68 in file uwuBFS.s
Comment: uwuCanStore used once
uwuCheck 00000104

Symbol: uwuCheck
   Definitions
      At line 123 in file uwuBFS.s
   Uses
      At line 104 in file uwuBFS.s
      At line 105 in file uwuBFS.s

uwuCheckBack 00000114

Symbol: uwuCheckBack
   Definitions
      At line 128 in file uwuBFS.s
   Uses
      At line 139 in file uwuBFS.s
Comment: uwuCheckBack used once
uwuCode 00000000



ARM Macro Assembler    Page 2 Alphabetic symbol ordering
Relocatable symbols


Symbol: uwuCode
   Definitions
      At line 1 in file uwuBFS.s
   Uses
      None
Comment: uwuCode unused
uwuCompare 00000134

Symbol: uwuCompare
   Definitions
      At line 141 in file uwuBFS.s
   Uses
      At line 102 in file uwuBFS.s
Comment: uwuCompare used once
uwuPlaceTreeRoot 00000000

Symbol: uwuPlaceTreeRoot
   Definitions
      At line 34 in file uwuBFS.s
   Uses
      None
Comment: uwuPlaceTreeRoot unused
uwuSearchChild 0000002C

Symbol: uwuSearchChild
   Definitions
      At line 53 in file uwuBFS.s
   Uses
      At line 70 in file uwuBFS.s
Comment: uwuSearchChild used once
uwuSortTree 0000001C

Symbol: uwuSortTree
   Definitions
      At line 44 in file uwuBFS.s
   Uses
      At line 76 in file uwuBFS.s
Comment: uwuSortTree used once
uwuStop 00000148

Symbol: uwuStop
   Definitions
      At line 148 in file uwuBFS.s
   Uses
      At line 121 in file uwuBFS.s
      At line 148 in file uwuBFS.s

uwuUnsortedList 0000014C

Symbol: uwuUnsortedList
   Definitions
      At line 150 in file uwuBFS.s
   Uses
      At line 35 in file uwuBFS.s
Comment: uwuUnsortedList used once
14 symbols



ARM Macro Assembler    Page 1 Alphabetic symbol ordering
Relocatable symbols

uwuMemory 00000000

Symbol: uwuMemory
   Definitions
      At line 152 in file uwuBFS.s
   Uses
      None
Comment: uwuMemory unused
uwuQueue 0000012C

Symbol: uwuQueue
   Definitions
      At line 161 in file uwuBFS.s
   Uses
      At line 84 in file uwuBFS.s
Comment: uwuQueue used once
uwuSortedArray 00000168

Symbol: uwuSortedArray
   Definitions
      At line 163 in file uwuBFS.s
   Uses
      At line 113 in file uwuBFS.s
Comment: uwuSortedArray used once
uwuTree 00000000

Symbol: uwuTree
   Definitions
      At line 153 in file uwuBFS.s
   Uses
      At line 36 in file uwuBFS.s
      At line 74 in file uwuBFS.s
      At line 85 in file uwuBFS.s

4 symbols



ARM Macro Assembler    Page 1 Alphabetic symbol ordering
Absolute symbols

uwuBlocked 00000010

Symbol: uwuBlocked
   Definitions
      At line 8 in file uwuBFS.s
   Uses
      At line 96 in file uwuBFS.s
      At line 110 in file uwuBFS.s

uwuLeft 00000004

Symbol: uwuLeft
   Definitions
      At line 5 in file uwuBFS.s
   Uses
      None
Comment: uwuLeft unused
uwuListSize 0000000F

Symbol: uwuListSize
   Definitions
      At line 10 in file uwuBFS.s
   Uses
      At line 45 in file uwuBFS.s
      At line 108 in file uwuBFS.s
      At line 119 in file uwuBFS.s

uwuNextNode 00000014

Symbol: uwuNextNode
   Definitions
      At line 9 in file uwuBFS.s
   Uses
      At line 61 in file uwuBFS.s
Comment: uwuNextNode used once
uwuRight 00000008

Symbol: uwuRight
   Definitions
      At line 6 in file uwuBFS.s
   Uses
      None
Comment: uwuRight unused
uwuTraversed 0000000C

Symbol: uwuTraversed
   Definitions
      At line 7 in file uwuBFS.s
   Uses
      None
Comment: uwuTraversed unused
uwuWord 00000004

Symbol: uwuWord
   Definitions
      At line 4 in file uwuBFS.s
   Uses
      At line 49 in file uwuBFS.s
      At line 56 in file uwuBFS.s



ARM Macro Assembler    Page 2 Alphabetic symbol ordering
Absolute symbols

      At line 57 in file uwuBFS.s
      At line 89 in file uwuBFS.s
      At line 114 in file uwuBFS.s
      At line 124 in file uwuBFS.s
      At line 133 in file uwuBFS.s

7 symbols
372 symbols in table
